<?xml version="1.0" encoding="UTF-8"?>
<!-- Generated by org.testng.reporters.JUnitReportReporter -->
<testsuite skipped="0" hostname="LAPTOP-98BBEGTQ" name="runner.Runner" tests="1" failures="0" timestamp="05 Apr 2021 09:39:59 GMT" time="8.770" errors="0">
  <testcase name="feature" time="8.770" classname="runner.Runner"/>
</testsuite> <!-- runner.Runner -->
