<?xml version="1.0" encoding="UTF-8"?>
<!-- Generated by org.testng.reporters.JUnitReportReporter -->
<testsuite skipped="0" hostname="JUSTSRIHARI" name="runner.Runner" tests="1" failures="0" timestamp="07 Apr 2021 06:59:09 GMT" time="10.627" errors="0">
  <testcase name="feature" time="10.627" classname="runner.Runner"/>
</testsuite> <!-- runner.Runner -->
